# Changelog Generation Log for elvt-menu-item
# Generated: 2025-08-13T18:14:47.654Z
# GitHub API: https://api.github.com/repos/inform-elevate/elevate-core-ui

## Summary
Total log entries: 27
Included commits: 0
Excluded commits: 7
Uncertain commits: 5

## Detailed Log

INFO: Starting changelog generation for elvt-menu-item

INFO: Found 12 total commits from GitHub API

DEBUG: Evaluating commit: "feat: Add Card Border and Layer Properties..."

UNCERTAIN: "feat: Add Card Border and Layer Properties..." (No clear component relevance)
  → Commit: a3ca8b3
  → Reason: No matching patterns

DEBUG: Evaluating commit: "refactor!: Replace Severity with Tone..."

EXCLUDE: "refactor!: Replace Severity with Tone..." (Generic refactoring)
  → Commit: 0d82a85
  → Reason: Generic refactoring
  → Pattern: /refactor(?!\s+\w*(?:button|badge|input))/

DEBUG: Evaluating commit: "feat: Add Autoloader..."

UNCERTAIN: "feat: Add Autoloader..." (No clear component relevance)
  → Commit: 8d557b0
  → Reason: No matching patterns

DEBUG: Evaluating commit: "feat(build): Update to Storybook 9..."

EXCLUDE: "feat(build): Update to Storybook 9..." (Build tools/Linting)
  → Commit: c983425
  → Reason: Build tools/Linting
  → Pattern: /prettier|eslint|lint|storybook|webpack|rollup|vite|babel/

DEBUG: Evaluating commit: "refactor: Use Web Component Decorator from CDK..."

EXCLUDE: "refactor: Use Web Component Decorator from CDK..." (Generic refactoring)
  → Commit: 0b7f502
  → Reason: Generic refactoring
  → Pattern: /refactor(?!\s+\w*(?:button|badge|input))/

DEBUG: Evaluating commit: "fix: Make Menu Item "href" Attribute Optional, Remove Log..."

UNCERTAIN: "fix: Make Menu Item "href" Attribute Optional, Remove Log..." (No clear component relevance)
  → Commit: 7577b72
  → Reason: No matching patterns

DEBUG: Evaluating commit: "docs: Add Components Status Page..."

EXCLUDE: "docs: Add Components Status Page..." (Documentation)
  → Commit: daf000f
  → Reason: Documentation
  → Pattern: /docs|documentation|readme|changelog/

DEBUG: Evaluating commit: "feat: Add "selected" Menu Item (#89)..."

UNCERTAIN: "feat: Add "selected" Menu Item (#89)..." (No clear component relevance)
  → Commit: 823395e
  → Reason: No matching patterns

DEBUG: Evaluating commit: "feat: Improve React Compatibility (#73)..."

UNCERTAIN: "feat: Improve React Compatibility (#73)..." (No clear component relevance)
  → Commit: f0cd5c4
  → Reason: No matching patterns

DEBUG: Evaluating commit: "feat: Add Link Function to Menu Item (#71)..."

EXCLUDE: "feat: Add Link Function to Menu Item (#71)..." (Link component)
  → Commit: d8b3f7e
  → Reason: Link component
  → Pattern: /link(?!\s+\w*component)/

DEBUG: Evaluating commit: "refactor: Improve Menu Item..."

EXCLUDE: "refactor: Improve Menu Item..." (Generic refactoring)
  → Commit: c52fca7
  → Reason: Generic refactoring
  → Pattern: /refactor(?!\s+\w*(?:button|badge|input))/

DEBUG: Evaluating commit: "refactor: Move Menu/Dropdown Components Into a Subdirectory..."

EXCLUDE: "refactor: Move Menu/Dropdown Components Into a Subdirectory..." (Generic refactoring)
  → Commit: e74ccc4
  → Reason: Generic refactoring
  → Pattern: /refactor(?!\s+\w*(?:button|badge|input))/

INFO: Filtered from 12 to 0 relevant commits
