# Changelog Generation Log for elvt-button-group
# Generated: 2025-08-13T18:14:19.355Z
# GitHub API: https://api.github.com/repos/inform-elevate/elevate-core-ui

## Summary
Total log entries: 27
Included commits: 0
Excluded commits: 8
Uncertain commits: 4

## Detailed Log

INFO: Starting changelog generation for elvt-button-group

INFO: Found 12 total commits from GitHub API

DEBUG: Evaluating commit: "fix: Fix Button Group Separator Lines (#250)..."

UNCERTAIN: "fix: Fix Button Group Separator Lines (#250)..." (No clear component relevance)
  → Commit: 7de00fe
  → Reason: No matching patterns

DEBUG: Evaluating commit: "docs: Update Component Status..."

EXCLUDE: "docs: Update Component Status..." (Documentation)
  → Commit: 24cb112
  → Reason: Documentation
  → Pattern: /docs|documentation|readme|changelog/

DEBUG: Evaluating commit: "feat: Adjust Button Design, Remove Shoelace Button..."

UNCERTAIN: "feat: Adjust Button Design, Remove Shoelace Button..." (No clear component relevance)
  → Commit: 67a0e62
  → Reason: No matching patterns

DEBUG: Evaluating commit: "refactor: Rename ComponentSize to Size ..."

EXCLUDE: "refactor: Rename ComponentSize to Size ..." (Generic refactoring)
  → Commit: ab26ae6
  → Reason: Generic refactoring
  → Pattern: /refactor(?!\s+\w*(?:button|badge|input))/

DEBUG: Evaluating commit: "refactor!: Replace Severity with Tone..."

EXCLUDE: "refactor!: Replace Severity with Tone..." (Generic refactoring)
  → Commit: 0d82a85
  → Reason: Generic refactoring
  → Pattern: /refactor(?!\s+\w*(?:button|badge|input))/

DEBUG: Evaluating commit: "fix: Added hide-label Prop and Fixed Checkbox Usability Issues..."

UNCERTAIN: "fix: Added hide-label Prop and Fixed Checkbox Usability Issues..." (No clear component relevance)
  → Commit: dea7d2d
  → Reason: No matching patterns

DEBUG: Evaluating commit: "refactor: Change the "arrowParens" in Prettier to "always" (#138)..."

EXCLUDE: "refactor: Change the "arrowParens" in Prettier to "always" (#138)..." (Build tools/Linting)
  → Commit: 0921993
  → Reason: Build tools/Linting
  → Pattern: /prettier|eslint|lint|storybook|webpack|rollup|vite|babel/

DEBUG: Evaluating commit: "feat(build): Update to Storybook 9..."

EXCLUDE: "feat(build): Update to Storybook 9..." (Build tools/Linting)
  → Commit: c983425
  → Reason: Build tools/Linting
  → Pattern: /prettier|eslint|lint|storybook|webpack|rollup|vite|babel/

DEBUG: Evaluating commit: "refactor: Use Web Component Decorator from CDK..."

EXCLUDE: "refactor: Use Web Component Decorator from CDK..." (Generic refactoring)
  → Commit: 0b7f502
  → Reason: Generic refactoring
  → Pattern: /refactor(?!\s+\w*(?:button|badge|input))/

DEBUG: Evaluating commit: "docs: Add Components Status Page..."

EXCLUDE: "docs: Add Components Status Page..." (Documentation)
  → Commit: daf000f
  → Reason: Documentation
  → Pattern: /docs|documentation|readme|changelog/

DEBUG: Evaluating commit: "docs: Document Severity and Refactor ButtonSeverity..."

EXCLUDE: "docs: Document Severity and Refactor ButtonSeverity..." (Documentation)
  → Commit: fa7f552
  → Reason: Documentation
  → Pattern: /docs|documentation|readme|changelog/

DEBUG: Evaluating commit: "feat: Add ButtonGroup Component..."

UNCERTAIN: "feat: Add ButtonGroup Component..." (No clear component relevance)
  → Commit: 4b1166b
  → Reason: No matching patterns

INFO: Filtered from 12 to 0 relevant commits
