# Changelog Generation Log for elvt-link
# Generated: 2025-08-13T18:14:46.168Z
# GitHub API: https://api.github.com/repos/inform-elevate/elevate-core-ui

## Summary
Total log entries: 27
Included commits: 1
Excluded commits: 9
Uncertain commits: 2

## Detailed Log

INFO: Starting changelog generation for elvt-link

INFO: Found 12 total commits from GitHub API

DEBUG: Evaluating commit: "chore: Update Design Tokens..."

EXCLUDE: "chore: Update Design Tokens..." (Generic token update)
  → Commit: 3692cba
  → Reason: Generic token update
  → Pattern: /update.*tokens?(?!\s+for\s+\w)/

DEBUG: Evaluating commit: "feat: Adjust Link Design..."

EXCLUDE: "feat: Adjust Link Design..." (Link component)
  → Commit: 4eefa00
  → Reason: Link component
  → Pattern: /link(?!\s+\w*component)/

DEBUG: Evaluating commit: "fix: Set Default Link Color..."

EXCLUDE: "fix: Set Default Link Color..." (Link component)
  → Commit: e223f33
  → Reason: Link component
  → Pattern: /link(?!\s+\w*component)/

DEBUG: Evaluating commit: "chore: Update Design Tokens..."

EXCLUDE: "chore: Update Design Tokens..." (Generic token update)
  → Commit: 89c6926
  → Reason: Generic token update
  → Pattern: /update.*tokens?(?!\s+for\s+\w)/

DEBUG: Evaluating commit: "feat: Consolidate and Improve Link Component..."

EXCLUDE: "feat: Consolidate and Improve Link Component..." (Generic consolidation)
  → Commit: 3e64741
  → Reason: Generic consolidation
  → Pattern: /consolidate(?!\s+\w*(?:button|badge|input))/

DEBUG: Evaluating commit: "refactor: Change the "arrowParens" in Prettier to "always" (#138)..."

EXCLUDE: "refactor: Change the "arrowParens" in Prettier to "always" (#138)..." (Build tools/Linting)
  → Commit: 0921993
  → Reason: Build tools/Linting
  → Pattern: /prettier|eslint|lint|storybook|webpack|rollup|vite|babel/

DEBUG: Evaluating commit: "feat(build): Update to Storybook 9..."

EXCLUDE: "feat(build): Update to Storybook 9..." (Build tools/Linting)
  → Commit: c983425
  → Reason: Build tools/Linting
  → Pattern: /prettier|eslint|lint|storybook|webpack|rollup|vite|babel/

DEBUG: Evaluating commit: "fix: Make All Attribute Names "kebab-case"..."

UNCERTAIN: "fix: Make All Attribute Names "kebab-case"..." (No clear component relevance)
  → Commit: 4d0bee0
  → Reason: No matching patterns

DEBUG: Evaluating commit: "refactor: Use Web Component Decorator from CDK..."

EXCLUDE: "refactor: Use Web Component Decorator from CDK..." (Generic refactoring)
  → Commit: 0b7f502
  → Reason: Generic refactoring
  → Pattern: /refactor(?!\s+\w*(?:button|badge|input))/

DEBUG: Evaluating commit: "docs: Add Components Status Page..."

EXCLUDE: "docs: Add Components Status Page..." (Documentation)
  → Commit: daf000f
  → Reason: Documentation
  → Pattern: /docs|documentation|readme|changelog/

DEBUG: Evaluating commit: "feat: Improve React Compatibility (#73)..."

UNCERTAIN: "feat: Improve React Compatibility (#73)..." (No clear component relevance)
  → Commit: f0cd5c4
  → Reason: No matching patterns

DEBUG: Evaluating commit: "feat: Implement Link Component..."

INCLUDE: "feat: Implement Link Component..." (Short component name)
  → Commit: b1bcf46
  → Reason: Short component name
  → Pattern: /\blink\b/i

INFO: Filtered from 12 to 1 relevant commits
