# Changelog Generation Log for elvt-divider
# Generated: 2025-08-13T18:14:29.109Z
# GitHub API: https://api.github.com/repos/inform-elevate/elevate-core-ui

## Summary
Total log entries: 31
Included commits: 3
Excluded commits: 11
Uncertain commits: 0

## Detailed Log

INFO: Starting changelog generation for elvt-divider

INFO: Found 14 total commits from GitHub API

DEBUG: Evaluating commit: "chore: Update Elevate Designs Token Package Version and Update Tokens..."

EXCLUDE: "chore: Update Elevate Designs Token Package Version and Update Tokens..." (Build/Release)
  → Commit: cd3a237
  → Reason: Build/Release
  → Pattern: /build|deploy|release|publish|version/

DEBUG: Evaluating commit: "Chore/update design tokens 0.13.1..."

EXCLUDE: "Chore/update design tokens 0.13.1..." (Generic token update)
  → Commit: 3ea7125
  → Reason: Generic token update
  → Pattern: /update.*tokens?(?!\s+for\s+\w)/

DEBUG: Evaluating commit: "feat: Add CSS Properties for Divider..."

INCLUDE: "feat: Add CSS Properties for Divider..." (Short component name)
  → Commit: cba49c9
  → Reason: Short component name
  → Pattern: /\bdivider\b/i

DEBUG: Evaluating commit: "feat: Add Slots to Divider Component..."

INCLUDE: "feat: Add Slots to Divider Component..." (Short component name)
  → Commit: 7b5807b
  → Reason: Short component name
  → Pattern: /\bdivider\b/i

DEBUG: Evaluating commit: "docs: Consolidate Divider Content Story..."

EXCLUDE: "docs: Consolidate Divider Content Story..." (Documentation)
  → Commit: e619db5
  → Reason: Documentation
  → Pattern: /docs|documentation|readme|changelog/

DEBUG: Evaluating commit: "feat: Allow Content in Divider..."

INCLUDE: "feat: Allow Content in Divider..." (Short component name)
  → Commit: 74fcd2c
  → Reason: Short component name
  → Pattern: /\bdivider\b/i

DEBUG: Evaluating commit: "refactor: Rename ComponentSize to Size ..."

EXCLUDE: "refactor: Rename ComponentSize to Size ..." (Generic refactoring)
  → Commit: ab26ae6
  → Reason: Generic refactoring
  → Pattern: /refactor(?!\s+\w*(?:button|badge|input))/

DEBUG: Evaluating commit: "chore: Update Design Tokens..."

EXCLUDE: "chore: Update Design Tokens..." (Generic token update)
  → Commit: 89c6926
  → Reason: Generic token update
  → Pattern: /update.*tokens?(?!\s+for\s+\w)/

DEBUG: Evaluating commit: "docs: Update Divider Stability..."

EXCLUDE: "docs: Update Divider Stability..." (Documentation)
  → Commit: d9f573d
  → Reason: Documentation
  → Pattern: /docs|documentation|readme|changelog/

DEBUG: Evaluating commit: "fix: Export Table Types..."

EXCLUDE: "fix: Export Table Types..." (Table component)
  → Commit: 8ab9caf
  → Reason: Table component
  → Pattern: /table(?!\s+\w*component)/

DEBUG: Evaluating commit: "feat(build): Update to Storybook 9..."

EXCLUDE: "feat(build): Update to Storybook 9..." (Build tools/Linting)
  → Commit: c983425
  → Reason: Build tools/Linting
  → Pattern: /prettier|eslint|lint|storybook|webpack|rollup|vite|babel/

DEBUG: Evaluating commit: "refactor: Use Web Component Decorator from CDK..."

EXCLUDE: "refactor: Use Web Component Decorator from CDK..." (Generic refactoring)
  → Commit: 0b7f502
  → Reason: Generic refactoring
  → Pattern: /refactor(?!\s+\w*(?:button|badge|input))/

DEBUG: Evaluating commit: "feat: Refactor Divider, Implement Component Design, Remove Shoelace..."

EXCLUDE: "feat: Refactor Divider, Implement Component Design, Remove Shoelace..." (Generic refactoring)
  → Commit: 53c8e82
  → Reason: Generic refactoring
  → Pattern: /refactor(?!\s+\w*(?:button|badge|input))/

DEBUG: Evaluating commit: "refactor: Flatten Components File Structure..."

EXCLUDE: "refactor: Flatten Components File Structure..." (Generic refactoring)
  → Commit: 36e7dd6
  → Reason: Generic refactoring
  → Pattern: /refactor(?!\s+\w*(?:button|badge|input))/

INFO: Filtered from 14 to 3 relevant commits
