# Changelog Generation Log for elvt-indicator
# Generated: 2025-08-13T18:14:40.732Z
# GitHub API: https://api.github.com/repos/inform-elevate/elevate-core-ui

## Summary
Total log entries: 25
Included commits: 0
Excluded commits: 7
Uncertain commits: 4

## Detailed Log

INFO: Starting changelog generation for elvt-indicator

INFO: Found 11 total commits from GitHub API

DEBUG: Evaluating commit: "fix: Fix Button Group Separator Lines (#250)..."

UNCERTAIN: "fix: Fix Button Group Separator Lines (#250)..." (No clear component relevance)
  → Commit: 7de00fe
  → Reason: No matching patterns

DEBUG: Evaluating commit: "feat: Add Field Component..."

UNCERTAIN: "feat: Add Field Component..." (No clear component relevance)
  → Commit: 890b3f0
  → Reason: No matching patterns

DEBUG: Evaluating commit: "feat: Consolidate and Improve Link Component..."

EXCLUDE: "feat: Consolidate and Improve Link Component..." (Generic consolidation)
  → Commit: 3e64741
  → Reason: Generic consolidation
  → Pattern: /consolidate(?!\s+\w*(?:button|badge|input))/

DEBUG: Evaluating commit: "fix: Export Table Types..."

EXCLUDE: "fix: Export Table Types..." (Table component)
  → Commit: 8ab9caf
  → Reason: Table component
  → Pattern: /table(?!\s+\w*component)/

DEBUG: Evaluating commit: "feat: Console Generic Shape (Box|Pill), Badge is Pill by Default..."

UNCERTAIN: "feat: Console Generic Shape (Box|Pill), Badge is Pill by Default..." (No clear component relevance)
  → Commit: 4a99c1a
  → Reason: No matching patterns

DEBUG: Evaluating commit: "refactor!: Replace Severity with Tone..."

EXCLUDE: "refactor!: Replace Severity with Tone..." (Generic refactoring)
  → Commit: 0d82a85
  → Reason: Generic refactoring
  → Pattern: /refactor(?!\s+\w*(?:button|badge|input))/

DEBUG: Evaluating commit: "feat: Add Autoloader..."

UNCERTAIN: "feat: Add Autoloader..." (No clear component relevance)
  → Commit: 8d557b0
  → Reason: No matching patterns

DEBUG: Evaluating commit: "refactor: Change the "arrowParens" in Prettier to "always" (#138)..."

EXCLUDE: "refactor: Change the "arrowParens" in Prettier to "always" (#138)..." (Build tools/Linting)
  → Commit: 0921993
  → Reason: Build tools/Linting
  → Pattern: /prettier|eslint|lint|storybook|webpack|rollup|vite|babel/

DEBUG: Evaluating commit: "feat(build): Update to Storybook 9..."

EXCLUDE: "feat(build): Update to Storybook 9..." (Build tools/Linting)
  → Commit: c983425
  → Reason: Build tools/Linting
  → Pattern: /prettier|eslint|lint|storybook|webpack|rollup|vite|babel/

DEBUG: Evaluating commit: "refactor: Use Web Component Decorator from CDK..."

EXCLUDE: "refactor: Use Web Component Decorator from CDK..." (Generic refactoring)
  → Commit: 0b7f502
  → Reason: Generic refactoring
  → Pattern: /refactor(?!\s+\w*(?:button|badge|input))/

DEBUG: Evaluating commit: "refactor: Flatten Components File Structure..."

EXCLUDE: "refactor: Flatten Components File Structure..." (Generic refactoring)
  → Commit: 36e7dd6
  → Reason: Generic refactoring
  → Pattern: /refactor(?!\s+\w*(?:button|badge|input))/

INFO: Filtered from 11 to 0 relevant commits
