# Changelog Generation Log for elvt-notification
# Generated: 2025-08-12T11:45:25.723Z
# GitHub API: https://api.github.com/repos/inform-elevate/elevate-core-ui

## Summary
Total log entries: 25
Included commits: 2
Excluded commits: 8
Uncertain commits: 1

## Detailed Log

INFO: Starting changelog generation for elvt-notification

INFO: Found 11 total commits from GitHub API

DEBUG: Evaluating commit: "refactor: Rename ComponentSize to Size ..."

EXCLUDE: "refactor: Rename ComponentSize to Size ..." (Generic refactoring)
  → Commit: ab26ae6
  → Reason: Generic refactoring
  → Pattern: /refactor(?!\s+\w*(?:button|badge|input))/

DEBUG: Evaluating commit: "refactor!: Replace Severity with Tone..."

EXCLUDE: "refactor!: Replace Severity with Tone..." (Generic refactoring)
  → Commit: 0d82a85
  → Reason: Generic refactoring
  → Pattern: /refactor(?!\s+\w*(?:button|badge|input))/

DEBUG: Evaluating commit: "feat: Add Autoloader..."

UNCERTAIN: "feat: Add Autoloader..." (No clear component relevance)
  → Commit: 8d557b0
  → Reason: No matching patterns

DEBUG: Evaluating commit: "fix: Display Notification with Duration..."

INCLUDE: "fix: Display Notification with Duration..." (Short component name)
  → Commit: e77604e
  → Reason: Short component name
  → Pattern: /\bnotification\b/i

DEBUG: Evaluating commit: "refactor: Change the "arrowParens" in Prettier to "always" (#138)..."

EXCLUDE: "refactor: Change the "arrowParens" in Prettier to "always" (#138)..." (Build tools/Linting)
  → Commit: 0921993
  → Reason: Build tools/Linting
  → Pattern: /prettier|eslint|lint|storybook|webpack|rollup|vite|babel/

DEBUG: Evaluating commit: "feat(build): Update to Storybook 9..."

EXCLUDE: "feat(build): Update to Storybook 9..." (Build tools/Linting)
  → Commit: c983425
  → Reason: Build tools/Linting
  → Pattern: /prettier|eslint|lint|storybook|webpack|rollup|vite|babel/

DEBUG: Evaluating commit: "feat(refactor): Replace Variant Attributes with Shape..."

EXCLUDE: "feat(refactor): Replace Variant Attributes with Shape..." (Generic refactoring)
  → Commit: c20d569
  → Reason: Generic refactoring
  → Pattern: /refactor(?!\s+\w*(?:button|badge|input))/

DEBUG: Evaluating commit: "test: Add Trigger to Notification Story..."

EXCLUDE: "test: Add Trigger to Notification Story..." (Testing)
  → Commit: 779909b
  → Reason: Testing
  → Pattern: /test|testing|jest|cypress|playwright/

DEBUG: Evaluating commit: "refactor: Use Web Component Decorator from CDK..."

EXCLUDE: "refactor: Use Web Component Decorator from CDK..." (Generic refactoring)
  → Commit: 0b7f502
  → Reason: Generic refactoring
  → Pattern: /refactor(?!\s+\w*(?:button|badge|input))/

DEBUG: Evaluating commit: "docs: Add Components Status Page..."

EXCLUDE: "docs: Add Components Status Page..." (Documentation)
  → Commit: daf000f
  → Reason: Documentation
  → Pattern: /docs|documentation|readme|changelog/

DEBUG: Evaluating commit: "feat: Add Notification Component (#78)..."

INCLUDE: "feat: Add Notification Component (#78)..." (Short component name)
  → Commit: 1e985d9
  → Reason: Short component name
  → Pattern: /\bnotification\b/i

INFO: Filtered from 11 to 2 relevant commits
