# Changelog Generation Log for elvt-paginator
# Generated: 2025-08-12T11:45:27.801Z
# GitHub API: https://api.github.com/repos/inform-elevate/elevate-core-ui

## Summary
Total log entries: 33
Included commits: 1
Excluded commits: 9
Uncertain commits: 5

## Detailed Log

INFO: Starting changelog generation for elvt-paginator

INFO: Found 15 total commits from GitHub API

DEBUG: Evaluating commit: "feat: Support Form Reset and Basic Validation (Required)..."

EXCLUDE: "feat: Support Form Reset and Basic Validation (Required)..." (Form component)
  → Commit: 44dc64e
  → Reason: Form component
  → Pattern: /form(?!\s+\w*component)/

DEBUG: Evaluating commit: "refactor: Rename ComponentSize to Size ..."

EXCLUDE: "refactor: Rename ComponentSize to Size ..." (Generic refactoring)
  → Commit: ab26ae6
  → Reason: Generic refactoring
  → Pattern: /refactor(?!\s+\w*(?:button|badge|input))/

DEBUG: Evaluating commit: "feat: Add Autoloader..."

UNCERTAIN: "feat: Add Autoloader..." (No clear component relevance)
  → Commit: 8d557b0
  → Reason: No matching patterns

DEBUG: Evaluating commit: "refactor: Change the "arrowParens" in Prettier to "always" (#138)..."

EXCLUDE: "refactor: Change the "arrowParens" in Prettier to "always" (#138)..." (Build tools/Linting)
  → Commit: 0921993
  → Reason: Build tools/Linting
  → Pattern: /prettier|eslint|lint|storybook|webpack|rollup|vite|babel/

DEBUG: Evaluating commit: "feat(build): Update to Storybook 9..."

EXCLUDE: "feat(build): Update to Storybook 9..." (Build tools/Linting)
  → Commit: c983425
  → Reason: Build tools/Linting
  → Pattern: /prettier|eslint|lint|storybook|webpack|rollup|vite|babel/

DEBUG: Evaluating commit: "fix: Make All Attribute Names "kebab-case"..."

UNCERTAIN: "fix: Make All Attribute Names "kebab-case"..." (No clear component relevance)
  → Commit: 4d0bee0
  → Reason: No matching patterns

DEBUG: Evaluating commit: "feat: Improve Icon Component, Add Selected, Add Shape, Fix Size..."

UNCERTAIN: "feat: Improve Icon Component, Add Selected, Add Shape, Fix Size..." (No clear component relevance)
  → Commit: 58898ac
  → Reason: No matching patterns

DEBUG: Evaluating commit: "refactor: Use Web Component Decorator from CDK..."

EXCLUDE: "refactor: Use Web Component Decorator from CDK..." (Generic refactoring)
  → Commit: 0b7f502
  → Reason: Generic refactoring
  → Pattern: /refactor(?!\s+\w*(?:button|badge|input))/

DEBUG: Evaluating commit: "feat: Use Component/Application Tokens for Default Background/Text..."

UNCERTAIN: "feat: Use Component/Application Tokens for Default Background/Text..." (No clear component relevance)
  → Commit: 1a09e08
  → Reason: No matching patterns

DEBUG: Evaluating commit: "feat: Add Select Component, Refactor Field Label and Help Text..."

EXCLUDE: "feat: Add Select Component, Refactor Field Label and Help Text..." (Generic refactoring)
  → Commit: dfd142b
  → Reason: Generic refactoring
  → Pattern: /refactor(?!\s+\w*(?:button|badge|input))/

DEBUG: Evaluating commit: "docs: Fix Documentation Errors from Component Structure Changes (#113)..."

EXCLUDE: "docs: Fix Documentation Errors from Component Structure Changes (#113)..." (Documentation)
  → Commit: ae9938b
  → Reason: Documentation
  → Pattern: /docs|documentation|readme|changelog/

DEBUG: Evaluating commit: "docs: Add Components Status Page..."

EXCLUDE: "docs: Add Components Status Page..." (Documentation)
  → Commit: daf000f
  → Reason: Documentation
  → Pattern: /docs|documentation|readme|changelog/

DEBUG: Evaluating commit: "feat: Integrate Design Tokens Package (#69)..."

UNCERTAIN: "feat: Integrate Design Tokens Package (#69)..." (No clear component relevance)
  → Commit: b4cfb8c
  → Reason: No matching patterns

DEBUG: Evaluating commit: "build: Add Tests for Package Build..."

EXCLUDE: "build: Add Tests for Package Build..." (Build/Release)
  → Commit: 715eee4
  → Reason: Build/Release
  → Pattern: /build|deploy|release|publish|version/

DEBUG: Evaluating commit: "Add Paginator Component (#53)..."

INCLUDE: "Add Paginator Component (#53)..." (Short component name)
  → Commit: f2bed93
  → Reason: Short component name
  → Pattern: /\bpaginator\b/i

INFO: Filtered from 15 to 1 relevant commits
