# Changelog Generation Log for elvt-progress
# Generated: 2025-08-12T11:45:31.512Z
# GitHub API: https://api.github.com/repos/inform-elevate/elevate-core-ui

## Summary
Total log entries: 29
Included commits: 2
Excluded commits: 6
Uncertain commits: 5

## Detailed Log

INFO: Starting changelog generation for elvt-progress

INFO: Found 13 total commits from GitHub API

DEBUG: Evaluating commit: "feat: Adjust Button Design, Remove Shoelace Button..."

UNCERTAIN: "feat: Adjust Button Design, Remove Shoelace Button..." (No clear component relevance)
  → Commit: 67a0e62
  → Reason: No matching patterns

DEBUG: Evaluating commit: "refactor: Rename ComponentSize to Size ..."

EXCLUDE: "refactor: Rename ComponentSize to Size ..." (Generic refactoring)
  → Commit: ab26ae6
  → Reason: Generic refactoring
  → Pattern: /refactor(?!\s+\w*(?:button|badge|input))/

DEBUG: Evaluating commit: "feat: Add Progress Arc Shape and Dynamic Size..."

INCLUDE: "feat: Add Progress Arc Shape and Dynamic Size..." (Short component name)
  → Commit: e8fd149
  → Reason: Short component name
  → Pattern: /\bprogress\b/i

DEBUG: Evaluating commit: "feat: Add Autoloader..."

UNCERTAIN: "feat: Add Autoloader..." (No clear component relevance)
  → Commit: 8d557b0
  → Reason: No matching patterns

DEBUG: Evaluating commit: "refactor: Change the "arrowParens" in Prettier to "always" (#138)..."

EXCLUDE: "refactor: Change the "arrowParens" in Prettier to "always" (#138)..." (Build tools/Linting)
  → Commit: 0921993
  → Reason: Build tools/Linting
  → Pattern: /prettier|eslint|lint|storybook|webpack|rollup|vite|babel/

DEBUG: Evaluating commit: "feat(build): Update to Storybook 9..."

EXCLUDE: "feat(build): Update to Storybook 9..." (Build tools/Linting)
  → Commit: c983425
  → Reason: Build tools/Linting
  → Pattern: /prettier|eslint|lint|storybook|webpack|rollup|vite|babel/

DEBUG: Evaluating commit: "refactor: Use Web Component Decorator from CDK..."

EXCLUDE: "refactor: Use Web Component Decorator from CDK..." (Generic refactoring)
  → Commit: 0b7f502
  → Reason: Generic refactoring
  → Pattern: /refactor(?!\s+\w*(?:button|badge|input))/

DEBUG: Evaluating commit: "refactor: Flatten Components File Structure..."

EXCLUDE: "refactor: Flatten Components File Structure..." (Generic refactoring)
  → Commit: 36e7dd6
  → Reason: Generic refactoring
  → Pattern: /refactor(?!\s+\w*(?:button|badge|input))/

DEBUG: Evaluating commit: "feat: Add Indicator Component (Experimental)..."

UNCERTAIN: "feat: Add Indicator Component (Experimental)..." (No clear component relevance)
  → Commit: db0bd06
  → Reason: No matching patterns

DEBUG: Evaluating commit: "docs: Add Components Status Page..."

EXCLUDE: "docs: Add Components Status Page..." (Documentation)
  → Commit: daf000f
  → Reason: Documentation
  → Pattern: /docs|documentation|readme|changelog/

DEBUG: Evaluating commit: "feat: Improve React Compatibility (#73)..."

UNCERTAIN: "feat: Improve React Compatibility (#73)..." (No clear component relevance)
  → Commit: f0cd5c4
  → Reason: No matching patterns

DEBUG: Evaluating commit: "feat: Show Content in Indeterminate Ring Progress Indicator (#70)..."

INCLUDE: "feat: Show Content in Indeterminate Ring Progress Indicator (#70)..." (Short component name)
  → Commit: d838764
  → Reason: Short component name
  → Pattern: /\bprogress\b/i

DEBUG: Evaluating commit: "feat: Skeleton Component Wrapper (#65)..."

UNCERTAIN: "feat: Skeleton Component Wrapper (#65)..." (No clear component relevance)
  → Commit: 1cd3fc7
  → Reason: No matching patterns

INFO: Filtered from 13 to 2 relevant commits
