# Changelog Generation Log for elvt-avatar
# Generated: 2025-08-12T10:43:25.431Z
# GitHub API: https://api.github.com/repos/inform-elevate/elevate-core-ui

## Summary
Total log entries: 17
Included commits: 0
Excluded commits: 6
Uncertain commits: 1

## Detailed Log

[2025-08-12T10:43:25.022Z] INFO: Starting changelog generation for elvt-avatar

[2025-08-12T10:43:25.422Z] INFO: Found 7 total commits from GitHub API

[2025-08-12T10:43:25.423Z] DEBUG: Evaluating commit: "test: Replace Image for Avatar/Icon Tests..."

[2025-08-12T10:43:25.423Z] EXCLUDE: "test: Replace Image for Avatar/Icon Tests..." (Testing)
  → Commit: 650f904
  → Reason: Testing
  → Pattern: /test|testing|jest|cypress|playwright/

[2025-08-12T10:43:25.423Z] DEBUG: Evaluating commit: "build(feat): Add VRT with Firefox and Webkit..."

[2025-08-12T10:43:25.424Z] EXCLUDE: "build(feat): Add VRT with Firefox and Webkit..." (Build/Release)
  → Commit: 21b8034
  → Reason: Build/Release
  → Pattern: /build|deploy|release|publish|version/

[2025-08-12T10:43:25.424Z] DEBUG: Evaluating commit: "feat: Add Autoloader..."

[2025-08-12T10:43:25.425Z] UNCERTAIN: "feat: Add Autoloader..." (No clear component relevance)
  → Commit: 8d557b0
  → Reason: No matching patterns

[2025-08-12T10:43:25.425Z] DEBUG: Evaluating commit: "refactor: Change the "arrowParens" in Prettier to "always" (#138)..."

[2025-08-12T10:43:25.425Z] EXCLUDE: "refactor: Change the "arrowParens" in Prettier to "always" (#138)..." (Build tools/Linting)
  → Commit: 0921993
  → Reason: Build tools/Linting
  → Pattern: /prettier|eslint|lint|storybook|webpack|rollup|vite|babel/

[2025-08-12T10:43:25.425Z] DEBUG: Evaluating commit: "feat(build): Update to Storybook 9..."

[2025-08-12T10:43:25.425Z] EXCLUDE: "feat(build): Update to Storybook 9..." (Build tools/Linting)
  → Commit: c983425
  → Reason: Build tools/Linting
  → Pattern: /prettier|eslint|lint|storybook|webpack|rollup|vite|babel/

[2025-08-12T10:43:25.425Z] DEBUG: Evaluating commit: "refactor: Use Web Component Decorator from CDK..."

[2025-08-12T10:43:25.425Z] EXCLUDE: "refactor: Use Web Component Decorator from CDK..." (Generic refactoring)
  → Commit: 0b7f502
  → Reason: Generic refactoring
  → Pattern: /refactor(?!\s+\w*(?:button|badge|input))/

[2025-08-12T10:43:25.425Z] DEBUG: Evaluating commit: "refactor: Flatten Components File Structure..."

[2025-08-12T10:43:25.426Z] EXCLUDE: "refactor: Flatten Components File Structure..." (Generic refactoring)
  → Commit: 36e7dd6
  → Reason: Generic refactoring
  → Pattern: /refactor(?!\s+\w*(?:button|badge|input))/

[2025-08-12T10:43:25.426Z] INFO: Filtered from 7 to 0 relevant commits
