# Changelog Generation Log for elvt-visually-hidden
# Generated: 2025-08-13T18:15:25.550Z
# GitHub API: https://api.github.com/repos/inform-elevate/elevate-core-ui

## Summary
Total log entries: 11
Included commits: 0
Excluded commits: 3
Uncertain commits: 1

## Detailed Log

INFO: Starting changelog generation for elvt-visually-hidden

INFO: Found 4 total commits from GitHub API

DEBUG: Evaluating commit: "feat: Add Card Border and Layer Properties..."

UNCERTAIN: "feat: Add Card Border and Layer Properties..." (No clear component relevance)
  → Commit: a3ca8b3
  → Reason: No matching patterns

DEBUG: Evaluating commit: "feat(build): Update to Storybook 9..."

EXCLUDE: "feat(build): Update to Storybook 9..." (Build tools/Linting)
  → Commit: c983425
  → Reason: Build tools/Linting
  → Pattern: /prettier|eslint|lint|storybook|webpack|rollup|vite|babel/

DEBUG: Evaluating commit: "refactor: Use Web Component Decorator from CDK..."

EXCLUDE: "refactor: Use Web Component Decorator from CDK..." (Generic refactoring)
  → Commit: 0b7f502
  → Reason: Generic refactoring
  → Pattern: /refactor(?!\s+\w*(?:button|badge|input))/

DEBUG: Evaluating commit: "refactor: Flatten Components File Structure..."

EXCLUDE: "refactor: Flatten Components File Structure..." (Generic refactoring)
  → Commit: 36e7dd6
  → Reason: Generic refactoring
  → Pattern: /refactor(?!\s+\w*(?:button|badge|input))/

INFO: Filtered from 4 to 0 relevant commits
