# Changelog Generation Log for elvt-select
# Generated: 2025-08-12T11:45:37.768Z
# GitHub API: https://api.github.com/repos/inform-elevate/elevate-core-ui

## Summary
Total log entries: 21
Included commits: 1
Excluded commits: 5
Uncertain commits: 3

## Detailed Log

INFO: Starting changelog generation for elvt-select

INFO: Found 9 total commits from GitHub API

DEBUG: Evaluating commit: "fix: Fix Value for Multiple Select..."

INCLUDE: "fix: Fix Value for Multiple Select..." (Short component name)
  → Commit: 277dc05
  → Reason: Short component name
  → Pattern: /\bselect\b/i

DEBUG: Evaluating commit: "feat: Add Form Control Validators..."

EXCLUDE: "feat: Add Form Control Validators..." (Form component)
  → Commit: 81c9c90
  → Reason: Form component
  → Pattern: /form(?!\s+\w*component)/

DEBUG: Evaluating commit: "feat: Add Multi-Column Direction to Stack Component..."

UNCERTAIN: "feat: Add Multi-Column Direction to Stack Component..." (No clear component relevance)
  → Commit: 573e50e
  → Reason: No matching patterns

DEBUG: Evaluating commit: "refactor: Rename ComponentSize to Size ..."

EXCLUDE: "refactor: Rename ComponentSize to Size ..." (Generic refactoring)
  → Commit: ab26ae6
  → Reason: Generic refactoring
  → Pattern: /refactor(?!\s+\w*(?:button|badge|input))/

DEBUG: Evaluating commit: "feat: Add Field Component..."

UNCERTAIN: "feat: Add Field Component..." (No clear component relevance)
  → Commit: 890b3f0
  → Reason: No matching patterns

DEBUG: Evaluating commit: "feat: Add Autoloader..."

UNCERTAIN: "feat: Add Autoloader..." (No clear component relevance)
  → Commit: 8d557b0
  → Reason: No matching patterns

DEBUG: Evaluating commit: "refactor: Change the "arrowParens" in Prettier to "always" (#138)..."

EXCLUDE: "refactor: Change the "arrowParens" in Prettier to "always" (#138)..." (Build tools/Linting)
  → Commit: 0921993
  → Reason: Build tools/Linting
  → Pattern: /prettier|eslint|lint|storybook|webpack|rollup|vite|babel/

DEBUG: Evaluating commit: "feat(build): Update to Storybook 9..."

EXCLUDE: "feat(build): Update to Storybook 9..." (Build tools/Linting)
  → Commit: c983425
  → Reason: Build tools/Linting
  → Pattern: /prettier|eslint|lint|storybook|webpack|rollup|vite|babel/

DEBUG: Evaluating commit: "feat: Attach Form Control Internals (#127)..."

EXCLUDE: "feat: Attach Form Control Internals (#127)..." (Form component)
  → Commit: 95b8bff
  → Reason: Form component
  → Pattern: /form(?!\s+\w*component)/

INFO: Filtered from 9 to 1 relevant commits
