# Changelog Generation Log for elvt-table-cell
# Generated: 2025-08-12T11:45:43.690Z
# GitHub API: https://api.github.com/repos/inform-elevate/elevate-core-ui

## Summary
Total log entries: 7
Included commits: 0
Excluded commits: 2
Uncertain commits: 0

## Detailed Log

INFO: Starting changelog generation for elvt-table-cell

INFO: Found 2 total commits from GitHub API

DEBUG: Evaluating commit: "docs: Update Component Status..."

EXCLUDE: "docs: Update Component Status..." (Documentation)
  → Commit: 24cb112
  → Reason: Documentation
  → Pattern: /docs|documentation|readme|changelog/

DEBUG: Evaluating commit: "feat: Add Table Selection..."

EXCLUDE: "feat: Add Table Selection..." (Table component)
  → Commit: bb8d2fe
  → Reason: Table component
  → Pattern: /table(?!\s+\w*component)/

INFO: Filtered from 2 to 0 relevant commits
