# Changelog Generation Log for elvt-stack
# Generated: 2025-08-13T18:15:07.905Z
# GitHub API: https://api.github.com/repos/inform-elevate/elevate-core-ui

## Summary
Total log entries: 23
Included commits: 3
Excluded commits: 6
Uncertain commits: 1

## Detailed Log

INFO: Starting changelog generation for elvt-stack

INFO: Found 10 total commits from GitHub API

DEBUG: Evaluating commit: "chore: Update Elevate Designs Token Package Version and Update Tokens..."

EXCLUDE: "chore: Update Elevate Designs Token Package Version and Update Tokens..." (Build/Release)
  → Commit: cd3a237
  → Reason: Build/Release
  → Pattern: /build|deploy|release|publish|version/

DEBUG: Evaluating commit: "feat: Add CSS Properties for Divider..."

UNCERTAIN: "feat: Add CSS Properties for Divider..." (No clear component relevance)
  → Commit: cba49c9
  → Reason: No matching patterns

DEBUG: Evaluating commit: "fix: Increase Default Overlap Indent for Stack, Cleanup Stack Stories..."

INCLUDE: "fix: Increase Default Overlap Indent for Stack, Cleanup Stack Stories..." (Short component name)
  → Commit: 9c25302
  → Reason: Short component name
  → Pattern: /\bstack\b/i

DEBUG: Evaluating commit: "feat: Add Overlap Direction to Stack Component..."

INCLUDE: "feat: Add Overlap Direction to Stack Component..." (Short component name)
  → Commit: f3bb7ba
  → Reason: Short component name
  → Pattern: /\bstack\b/i

DEBUG: Evaluating commit: "feat: Add Multi-Column Direction to Stack Component..."

INCLUDE: "feat: Add Multi-Column Direction to Stack Component..." (Short component name)
  → Commit: 573e50e
  → Reason: Short component name
  → Pattern: /\bstack\b/i

DEBUG: Evaluating commit: "refactor: Change the "arrowParens" in Prettier to "always" (#138)..."

EXCLUDE: "refactor: Change the "arrowParens" in Prettier to "always" (#138)..." (Build tools/Linting)
  → Commit: 0921993
  → Reason: Build tools/Linting
  → Pattern: /prettier|eslint|lint|storybook|webpack|rollup|vite|babel/

DEBUG: Evaluating commit: "feat(build): Update to Storybook 9..."

EXCLUDE: "feat(build): Update to Storybook 9..." (Build tools/Linting)
  → Commit: c983425
  → Reason: Build tools/Linting
  → Pattern: /prettier|eslint|lint|storybook|webpack|rollup|vite|babel/

DEBUG: Evaluating commit: "refactor: Use Web Component Decorator from CDK..."

EXCLUDE: "refactor: Use Web Component Decorator from CDK..." (Generic refactoring)
  → Commit: 0b7f502
  → Reason: Generic refactoring
  → Pattern: /refactor(?!\s+\w*(?:button|badge|input))/

DEBUG: Evaluating commit: "docs: Fix Documentation Errors from Component Structure Changes (#113)..."

EXCLUDE: "docs: Fix Documentation Errors from Component Structure Changes (#113)..." (Documentation)
  → Commit: ae9938b
  → Reason: Documentation
  → Pattern: /docs|documentation|readme|changelog/

DEBUG: Evaluating commit: "refactor: Flatten Components File Structure..."

EXCLUDE: "refactor: Flatten Components File Structure..." (Generic refactoring)
  → Commit: 36e7dd6
  → Reason: Generic refactoring
  → Pattern: /refactor(?!\s+\w*(?:button|badge|input))/

INFO: Filtered from 10 to 3 relevant commits
