# Changelog Generation Log for elvt-tabs
# Generated: 2025-08-12T10:48:27.968Z
# GitHub API: https://api.github.com/repos/inform-elevate/elevate-core-ui

## Summary
Total log entries: 25
Included commits: 0
Excluded commits: 6
Uncertain commits: 5

## Detailed Log

INFO: Starting changelog generation for elvt-tabs

INFO: Found 11 total commits from GitHub API

DEBUG: Evaluating commit: "fix: Change RTL Implementation for TabGroup..."

UNCERTAIN: "fix: Change RTL Implementation for TabGroup..." (No clear component relevance)
  → Commit: c0da45b
  → Reason: No matching patterns

DEBUG: Evaluating commit: "chore: Update Design Tokens..."

EXCLUDE: "chore: Update Design Tokens..." (Generic token update)
  → Commit: 08e28c8
  → Reason: Generic token update
  → Pattern: /update.*tokens?(?!\s+for\s+\w)/

DEBUG: Evaluating commit: "chore: Update Dependencies and Design Tokens..."

EXCLUDE: "chore: Update Dependencies and Design Tokens..." (Dependencies)
  → Commit: 907aee4
  → Reason: Dependencies
  → Pattern: /deps|dependencies|package\.json|yarn|npm/

DEBUG: Evaluating commit: "fix: Handle Setting ActiveTab in TabGroup Correctly..."

UNCERTAIN: "fix: Handle Setting ActiveTab in TabGroup Correctly..." (No clear component relevance)
  → Commit: 25495d0
  → Reason: No matching patterns

DEBUG: Evaluating commit: "fix: Adjust Padding for TabPanel..."

UNCERTAIN: "fix: Adjust Padding for TabPanel..." (No clear component relevance)
  → Commit: a6b498d
  → Reason: No matching patterns

DEBUG: Evaluating commit: "feat: Adjust Tab, TabPanel and TabGroup Design..."

UNCERTAIN: "feat: Adjust Tab, TabPanel and TabGroup Design..." (No clear component relevance)
  → Commit: 1eba9c8
  → Reason: No matching patterns

DEBUG: Evaluating commit: "feat: Add Autoloader..."

UNCERTAIN: "feat: Add Autoloader..." (No clear component relevance)
  → Commit: 8d557b0
  → Reason: No matching patterns

DEBUG: Evaluating commit: "refactor: Change the "arrowParens" in Prettier to "always" (#138)..."

EXCLUDE: "refactor: Change the "arrowParens" in Prettier to "always" (#138)..." (Build tools/Linting)
  → Commit: 0921993
  → Reason: Build tools/Linting
  → Pattern: /prettier|eslint|lint|storybook|webpack|rollup|vite|babel/

DEBUG: Evaluating commit: "feat(build): Update to Storybook 9..."

EXCLUDE: "feat(build): Update to Storybook 9..." (Build tools/Linting)
  → Commit: c983425
  → Reason: Build tools/Linting
  → Pattern: /prettier|eslint|lint|storybook|webpack|rollup|vite|babel/

DEBUG: Evaluating commit: "refactor: Use Web Component Decorator from CDK..."

EXCLUDE: "refactor: Use Web Component Decorator from CDK..." (Generic refactoring)
  → Commit: 0b7f502
  → Reason: Generic refactoring
  → Pattern: /refactor(?!\s+\w*(?:button|badge|input))/

DEBUG: Evaluating commit: "refactor: Flatten Components File Structure..."

EXCLUDE: "refactor: Flatten Components File Structure..." (Generic refactoring)
  → Commit: 36e7dd6
  → Reason: Generic refactoring
  → Pattern: /refactor(?!\s+\w*(?:button|badge|input))/

INFO: Filtered from 11 to 0 relevant commits
