# Changelog Generation Log for elvt-tab-panel
# Generated: 2025-08-13T18:15:17.582Z
# GitHub API: https://api.github.com/repos/inform-elevate/elevate-core-ui

## Summary
Total log entries: 13
Included commits: 0
Excluded commits: 3
Uncertain commits: 2

## Detailed Log

INFO: Starting changelog generation for elvt-tab-panel

INFO: Found 5 total commits from GitHub API

DEBUG: Evaluating commit: "fix: Adjust Padding for TabPanel..."

UNCERTAIN: "fix: Adjust Padding for TabPanel..." (No clear component relevance)
  → Commit: a6b498d
  → Reason: No matching patterns

DEBUG: Evaluating commit: "feat: Adjust Tab, TabPanel and TabGroup Design..."

UNCERTAIN: "feat: Adjust Tab, TabPanel and TabGroup Design..." (No clear component relevance)
  → Commit: 1eba9c8
  → Reason: No matching patterns

DEBUG: Evaluating commit: "feat(build): Update to Storybook 9..."

EXCLUDE: "feat(build): Update to Storybook 9..." (Build tools/Linting)
  → Commit: c983425
  → Reason: Build tools/Linting
  → Pattern: /prettier|eslint|lint|storybook|webpack|rollup|vite|babel/

DEBUG: Evaluating commit: "refactor: Use Web Component Decorator from CDK..."

EXCLUDE: "refactor: Use Web Component Decorator from CDK..." (Generic refactoring)
  → Commit: 0b7f502
  → Reason: Generic refactoring
  → Pattern: /refactor(?!\s+\w*(?:button|badge|input))/

DEBUG: Evaluating commit: "refactor: Flatten Components File Structure..."

EXCLUDE: "refactor: Flatten Components File Structure..." (Generic refactoring)
  → Commit: 36e7dd6
  → Reason: Generic refactoring
  → Pattern: /refactor(?!\s+\w*(?:button|badge|input))/

INFO: Filtered from 5 to 0 relevant commits
