# Changelog Generation Log for elvt-mutation-observer
# Generated: 2025-08-12T11:45:24.031Z
# GitHub API: https://api.github.com/repos/inform-elevate/elevate-core-ui

## Summary
Total log entries: 15
Included commits: 0
Excluded commits: 3
Uncertain commits: 3

## Detailed Log

INFO: Starting changelog generation for elvt-mutation-observer

INFO: Found 6 total commits from GitHub API

DEBUG: Evaluating commit: "feat: Adjust Button Design, Remove Shoelace Button..."

UNCERTAIN: "feat: Adjust Button Design, Remove Shoelace Button..." (No clear component relevance)
  → Commit: 67a0e62
  → Reason: No matching patterns

DEBUG: Evaluating commit: "refactor: Change the "arrowParens" in Prettier to "always" (#138)..."

EXCLUDE: "refactor: Change the "arrowParens" in Prettier to "always" (#138)..." (Build tools/Linting)
  → Commit: 0921993
  → Reason: Build tools/Linting
  → Pattern: /prettier|eslint|lint|storybook|webpack|rollup|vite|babel/

DEBUG: Evaluating commit: "feat(build): Update to Storybook 9..."

EXCLUDE: "feat(build): Update to Storybook 9..." (Build tools/Linting)
  → Commit: c983425
  → Reason: Build tools/Linting
  → Pattern: /prettier|eslint|lint|storybook|webpack|rollup|vite|babel/

DEBUG: Evaluating commit: "fix: Make All Attribute Names "kebab-case"..."

UNCERTAIN: "fix: Make All Attribute Names "kebab-case"..." (No clear component relevance)
  → Commit: 4d0bee0
  → Reason: No matching patterns

DEBUG: Evaluating commit: "refactor: Use Web Component Decorator from CDK..."

EXCLUDE: "refactor: Use Web Component Decorator from CDK..." (Generic refactoring)
  → Commit: 0b7f502
  → Reason: Generic refactoring
  → Pattern: /refactor(?!\s+\w*(?:button|badge|input))/

DEBUG: Evaluating commit: "feat: Add Mutation Observer..."

UNCERTAIN: "feat: Add Mutation Observer..." (No clear component relevance)
  → Commit: 616f2fc
  → Reason: No matching patterns

INFO: Filtered from 6 to 0 relevant commits
