# Changelog Generation Log for elvt-chip
# Generated: 2025-08-13T18:14:27.150Z
# GitHub API: https://api.github.com/repos/inform-elevate/elevate-core-ui

## Summary
Total log entries: 45
Included commits: 4
Excluded commits: 12
Uncertain commits: 5

## Detailed Log

INFO: Starting changelog generation for elvt-chip

INFO: Found 21 total commits from GitHub API

DEBUG: Evaluating commit: "refactor: Rename ComponentSize to Size ..."

EXCLUDE: "refactor: Rename ComponentSize to Size ..." (Generic refactoring)
  → Commit: ab26ae6
  → Reason: Generic refactoring
  → Pattern: /refactor(?!\s+\w*(?:button|badge|input))/

DEBUG: Evaluating commit: "feat: Console Generic Shape (Box|Pill), Badge is Pill by Default..."

UNCERTAIN: "feat: Console Generic Shape (Box|Pill), Badge is Pill by Default..." (No clear component relevance)
  → Commit: 4a99c1a
  → Reason: No matching patterns

DEBUG: Evaluating commit: "refactor!: Replace Severity with Tone..."

EXCLUDE: "refactor!: Replace Severity with Tone..." (Generic refactoring)
  → Commit: 0d82a85
  → Reason: Generic refactoring
  → Pattern: /refactor(?!\s+\w*(?:button|badge|input))/

DEBUG: Evaluating commit: "feat: Add Autoloader..."

UNCERTAIN: "feat: Add Autoloader..." (No clear component relevance)
  → Commit: 8d557b0
  → Reason: No matching patterns

DEBUG: Evaluating commit: "feat: Adjust/Revisit Chip Component Styles..."

INCLUDE: "feat: Adjust/Revisit Chip Component Styles..." (Short component name)
  → Commit: ab68982
  → Reason: Short component name
  → Pattern: /\bchip\b/i

DEBUG: Evaluating commit: "refactor: Change the "arrowParens" in Prettier to "always" (#138)..."

EXCLUDE: "refactor: Change the "arrowParens" in Prettier to "always" (#138)..." (Build tools/Linting)
  → Commit: 0921993
  → Reason: Build tools/Linting
  → Pattern: /prettier|eslint|lint|storybook|webpack|rollup|vite|babel/

DEBUG: Evaluating commit: "feat(build): Update to Storybook 9..."

EXCLUDE: "feat(build): Update to Storybook 9..." (Build tools/Linting)
  → Commit: c983425
  → Reason: Build tools/Linting
  → Pattern: /prettier|eslint|lint|storybook|webpack|rollup|vite|babel/

DEBUG: Evaluating commit: "fix: Update Design Tokens Package and Fix Tokens..."

EXCLUDE: "fix: Update Design Tokens Package and Fix Tokens..." (Generic token update)
  → Commit: 0ea3b49
  → Reason: Generic token update
  → Pattern: /update.*tokens?(?!\s+for\s+\w)/

DEBUG: Evaluating commit: "fix: Make All Attribute Names "kebab-case"..."

UNCERTAIN: "fix: Make All Attribute Names "kebab-case"..." (No clear component relevance)
  → Commit: 4d0bee0
  → Reason: No matching patterns

DEBUG: Evaluating commit: "feat: Add Elevate Checkbox..."

UNCERTAIN: "feat: Add Elevate Checkbox..." (No clear component relevance)
  → Commit: 87dd564
  → Reason: No matching patterns

DEBUG: Evaluating commit: "refactor: Use Web Component Decorator from CDK..."

EXCLUDE: "refactor: Use Web Component Decorator from CDK..." (Generic refactoring)
  → Commit: 0b7f502
  → Reason: Generic refactoring
  → Pattern: /refactor(?!\s+\w*(?:button|badge|input))/

DEBUG: Evaluating commit: "docs: Fix Documentation Errors from Component Structure Changes (#113)..."

EXCLUDE: "docs: Fix Documentation Errors from Component Structure Changes (#113)..." (Documentation)
  → Commit: ae9938b
  → Reason: Documentation
  → Pattern: /docs|documentation|readme|changelog/

DEBUG: Evaluating commit: "feat: Add Elevate Chip..."

INCLUDE: "feat: Add Elevate Chip..." (Short component name)
  → Commit: 86a7027
  → Reason: Short component name
  → Pattern: /\bchip\b/i

DEBUG: Evaluating commit: "docs: Add Components Status Page..."

EXCLUDE: "docs: Add Components Status Page..." (Documentation)
  → Commit: daf000f
  → Reason: Documentation
  → Pattern: /docs|documentation|readme|changelog/

DEBUG: Evaluating commit: "build: Separate CLI Tools and Storybook Addons into own Repositories/Packages..."

EXCLUDE: "build: Separate CLI Tools and Storybook Addons into own Repositories/Packages..." (Build tools/Linting)
  → Commit: d95c89b
  → Reason: Build tools/Linting
  → Pattern: /prettier|eslint|lint|storybook|webpack|rollup|vite|babel/

DEBUG: Evaluating commit: "refac: Add Shape Enum for both chip and badge..."

INCLUDE: "refac: Add Shape Enum for both chip and badge..." (Short component name)
  → Commit: 102fd05
  → Reason: Short component name
  → Pattern: /\bchip\b/i

DEBUG: Evaluating commit: "refactor: Consolidate Severity To Variant Mapping..."

EXCLUDE: "refactor: Consolidate Severity To Variant Mapping..." (Generic refactoring)
  → Commit: 61b6eed
  → Reason: Generic refactoring
  → Pattern: /refactor(?!\s+\w*(?:button|badge|input))/

DEBUG: Evaluating commit: "refactor: Consolidate and Export Severity Enum..."

EXCLUDE: "refactor: Consolidate and Export Severity Enum..." (Generic refactoring)
  → Commit: ea1ad10
  → Reason: Generic refactoring
  → Pattern: /refactor(?!\s+\w*(?:button|badge|input))/

DEBUG: Evaluating commit: "refactor: Consolidate and Export Severity Enum..."

EXCLUDE: "refactor: Consolidate and Export Severity Enum..." (Generic refactoring)
  → Commit: 51b5cb5
  → Reason: Generic refactoring
  → Pattern: /refactor(?!\s+\w*(?:button|badge|input))/

DEBUG: Evaluating commit: "fix: Update Annotation and Extensions for Consistency..."

UNCERTAIN: "fix: Update Annotation and Extensions for Consistency..." (No clear component relevance)
  → Commit: 5e60aef
  → Reason: No matching patterns

DEBUG: Evaluating commit: "feat: Add Chip Wrapper..."

INCLUDE: "feat: Add Chip Wrapper..." (Short component name)
  → Commit: a99a0bf
  → Reason: Short component name
  → Pattern: /\bchip\b/i

INFO: Filtered from 21 to 4 relevant commits
