# Changelog Generation Log for elvt-tab-group
# Generated: 2025-08-13T18:15:16.211Z
# GitHub API: https://api.github.com/repos/inform-elevate/elevate-core-ui

## Summary
Total log entries: 19
Included commits: 0
Excluded commits: 4
Uncertain commits: 4

## Detailed Log

INFO: Starting changelog generation for elvt-tab-group

INFO: Found 8 total commits from GitHub API

DEBUG: Evaluating commit: "fix: Change RTL Implementation for TabGroup..."

UNCERTAIN: "fix: Change RTL Implementation for TabGroup..." (No clear component relevance)
  → Commit: c0da45b
  → Reason: No matching patterns

DEBUG: Evaluating commit: "fix: Handle Setting ActiveTab in TabGroup Correctly..."

UNCERTAIN: "fix: Handle Setting ActiveTab in TabGroup Correctly..." (No clear component relevance)
  → Commit: 25495d0
  → Reason: No matching patterns

DEBUG: Evaluating commit: "feat: Adjust Tab, TabPanel and TabGroup Design..."

UNCERTAIN: "feat: Adjust Tab, TabPanel and TabGroup Design..." (No clear component relevance)
  → Commit: 1eba9c8
  → Reason: No matching patterns

DEBUG: Evaluating commit: "feat: Add Autoloader..."

UNCERTAIN: "feat: Add Autoloader..." (No clear component relevance)
  → Commit: 8d557b0
  → Reason: No matching patterns

DEBUG: Evaluating commit: "refactor: Change the "arrowParens" in Prettier to "always" (#138)..."

EXCLUDE: "refactor: Change the "arrowParens" in Prettier to "always" (#138)..." (Build tools/Linting)
  → Commit: 0921993
  → Reason: Build tools/Linting
  → Pattern: /prettier|eslint|lint|storybook|webpack|rollup|vite|babel/

DEBUG: Evaluating commit: "feat(build): Update to Storybook 9..."

EXCLUDE: "feat(build): Update to Storybook 9..." (Build tools/Linting)
  → Commit: c983425
  → Reason: Build tools/Linting
  → Pattern: /prettier|eslint|lint|storybook|webpack|rollup|vite|babel/

DEBUG: Evaluating commit: "refactor: Use Web Component Decorator from CDK..."

EXCLUDE: "refactor: Use Web Component Decorator from CDK..." (Generic refactoring)
  → Commit: 0b7f502
  → Reason: Generic refactoring
  → Pattern: /refactor(?!\s+\w*(?:button|badge|input))/

DEBUG: Evaluating commit: "refactor: Flatten Components File Structure..."

EXCLUDE: "refactor: Flatten Components File Structure..." (Generic refactoring)
  → Commit: 36e7dd6
  → Reason: Generic refactoring
  → Pattern: /refactor(?!\s+\w*(?:button|badge|input))/

INFO: Filtered from 8 to 0 relevant commits
